<?xml version="1.0" encoding="UTF-8"?>
<!-- Generated by org.testng.reporters.JUnitReportReporter -->
<testsuite hostname="ClassRoom-101" failures="0" tests="1" name="com.shoppersstack.runner.loginscript" time="14.670" errors="0" timestamp="11 Jan 2024 08:08:16 GMT" skipped="0">
  <testcase classname="com.shoppersstack.runner.loginscript" name="login" time="14.670"/>
</testsuite> <!-- com.shoppersstack.runner.loginscript -->
